info: Microsoft.Hosting.Lifetime[0]
      Application started. Press Ctrl+C to shut down.
info: Microsoft.Hosting.Lifetime[0]
      Hosting environment: Production
info: Microsoft.Hosting.Lifetime[0]
      Content root path: D:\PROJ\TestIIS\WebApplication1\publish
info: Microsoft.AspNetCore.Hosting.Diagnostics[1]
      Request starting HTTP/1.1 GET http://localhost:8080/api/test/SayHello?name=%C3%A1dasd - - -
info: Microsoft.AspNetCore.Routing.EndpointMiddleware[0]
      Executing endpoint 'WebApplication1.Controllers.TestController.Get (TestIIS)'
info: Microsoft.AspNetCore.Mvc.Infrastructure.ControllerActionInvoker[102]
      Route matched with {action = "Get", controller = "Test"}. Executing controller action with signature System.String Get(System.String) on controller WebApplication1.Controllers.TestController (TestIIS).
info: Microsoft.AspNetCore.Mvc.Infrastructure.ObjectResultExecutor[1]
      Executing ObjectResult, writing value of type 'System.String'.
info: Microsoft.AspNetCore.Mvc.Infrastructure.ControllerActionInvoker[105]
      Executed action WebApplication1.Controllers.TestController.Get (TestIIS) in 52.4526ms
info: Microsoft.AspNetCore.Routing.EndpointMiddleware[1]
      Executed endpoint 'WebApplication1.Controllers.TestController.Get (TestIIS)'
info: Microsoft.AspNetCore.Hosting.Diagnostics[2]
      Request finished HTTP/1.1 GET http://localhost:8080/api/test/SayHello?name=%C3%A1dasd - 200 - text/plain;+charset=utf-8 124.7130ms
info: Microsoft.AspNetCore.Hosting.Diagnostics[1]
      Request starting HTTP/1.1 GET http://localhost:8080/api/test/SayHello?name=%C3%A1dasd222 - - -
info: Microsoft.AspNetCore.Routing.EndpointMiddleware[0]
      Executing endpoint 'WebApplication1.Controllers.TestController.Get (TestIIS)'
info: Microsoft.AspNetCore.Mvc.Infrastructure.ControllerActionInvoker[102]
      Route matched with {action = "Get", controller = "Test"}. Executing controller action with signature System.String Get(System.String) on controller WebApplication1.Controllers.TestController (TestIIS).
info: Microsoft.AspNetCore.Mvc.Infrastructure.ObjectResultExecutor[1]
      Executing ObjectResult, writing value of type 'System.String'.
info: Microsoft.AspNetCore.Mvc.Infrastructure.ControllerActionInvoker[105]
      Executed action WebApplication1.Controllers.TestController.Get (TestIIS) in 1.7384ms
info: Microsoft.AspNetCore.Routing.EndpointMiddleware[1]
      Executed endpoint 'WebApplication1.Controllers.TestController.Get (TestIIS)'
info: Microsoft.AspNetCore.Hosting.Diagnostics[2]
      Request finished HTTP/1.1 GET http://localhost:8080/api/test/SayHello?name=%C3%A1dasd222 - 200 - text/plain;+charset=utf-8 4.2088ms
info: Microsoft.AspNetCore.Hosting.Diagnostics[1]
      Request starting HTTP/1.1 GET http://localhost:8080/api/test/SayHello?name=%C3%A1dasd222 - - -
info: Microsoft.AspNetCore.Routing.EndpointMiddleware[0]
      Executing endpoint 'WebApplication1.Controllers.TestController.Get (TestIIS)'
info: Microsoft.AspNetCore.Mvc.Infrastructure.ControllerActionInvoker[102]
      Route matched with {action = "Get", controller = "Test"}. Executing controller action with signature System.String Get(System.String) on controller WebApplication1.Controllers.TestController (TestIIS).
info: Microsoft.AspNetCore.Mvc.Infrastructure.ObjectResultExecutor[1]
      Executing ObjectResult, writing value of type 'System.String'.
info: Microsoft.AspNetCore.Mvc.Infrastructure.ControllerActionInvoker[105]
      Executed action WebApplication1.Controllers.TestController.Get (TestIIS) in 1.6565ms
info: Microsoft.AspNetCore.Routing.EndpointMiddleware[1]
      Executed endpoint 'WebApplication1.Controllers.TestController.Get (TestIIS)'
info: Microsoft.AspNetCore.Hosting.Diagnostics[2]
      Request finished HTTP/1.1 GET http://localhost:8080/api/test/SayHello?name=%C3%A1dasd222 - 200 - text/plain;+charset=utf-8 5.4382ms
info: Microsoft.AspNetCore.Hosting.Diagnostics[1]
      Request starting HTTP/1.1 GET http://localhost:8080/api/test/SayHello?name=%C3%A1dasd222 - - -
info: Microsoft.AspNetCore.Routing.EndpointMiddleware[0]
      Executing endpoint 'WebApplication1.Controllers.TestController.Get (TestIIS)'
info: Microsoft.AspNetCore.Mvc.Infrastructure.ControllerActionInvoker[102]
      Route matched with {action = "Get", controller = "Test"}. Executing controller action with signature System.String Get(System.String) on controller WebApplication1.Controllers.TestController (TestIIS).
info: Microsoft.AspNetCore.Mvc.Infrastructure.ObjectResultExecutor[1]
      Executing ObjectResult, writing value of type 'System.String'.
info: Microsoft.AspNetCore.Mvc.Infrastructure.ControllerActionInvoker[105]
      Executed action WebApplication1.Controllers.TestController.Get (TestIIS) in 0.4539ms
info: Microsoft.AspNetCore.Routing.EndpointMiddleware[1]
      Executed endpoint 'WebApplication1.Controllers.TestController.Get (TestIIS)'
info: Microsoft.AspNetCore.Hosting.Diagnostics[2]
      Request finished HTTP/1.1 GET http://localhost:8080/api/test/SayHello?name=%C3%A1dasd222 - 200 - text/plain;+charset=utf-8 0.8705ms
info: Microsoft.AspNetCore.Hosting.Diagnostics[1]
      Request starting HTTP/1.1 GET http://localhost:8080/api/test/SayHello?name=%C3%A1dasd222 - - -
info: Microsoft.AspNetCore.Routing.EndpointMiddleware[0]
      Executing endpoint 'WebApplication1.Controllers.TestController.Get (TestIIS)'
info: Microsoft.AspNetCore.Mvc.Infrastructure.ControllerActionInvoker[102]
      Route matched with {action = "Get", controller = "Test"}. Executing controller action with signature System.String Get(System.String) on controller WebApplication1.Controllers.TestController (TestIIS).
info: Microsoft.AspNetCore.Mvc.Infrastructure.ObjectResultExecutor[1]
      Executing ObjectResult, writing value of type 'System.String'.
info: Microsoft.AspNetCore.Mvc.Infrastructure.ControllerActionInvoker[105]
      Executed action WebApplication1.Controllers.TestController.Get (TestIIS) in 0.4107ms
info: Microsoft.AspNetCore.Routing.EndpointMiddleware[1]
      Executed endpoint 'WebApplication1.Controllers.TestController.Get (TestIIS)'
info: Microsoft.AspNetCore.Hosting.Diagnostics[2]
      Request finished HTTP/1.1 GET http://localhost:8080/api/test/SayHello?name=%C3%A1dasd222 - 200 - text/plain;+charset=utf-8 0.8113ms
info: Microsoft.AspNetCore.Hosting.Diagnostics[1]
      Request starting HTTP/1.1 GET http://localhost:8080/api/test/SayHello?name=%C3%A1dasd222 - - -
info: Microsoft.AspNetCore.Routing.EndpointMiddleware[0]
      Executing endpoint 'WebApplication1.Controllers.TestController.Get (TestIIS)'
info: Microsoft.AspNetCore.Mvc.Infrastructure.ControllerActionInvoker[102]
      Route matched with {action = "Get", controller = "Test"}. Executing controller action with signature System.String Get(System.String) on controller WebApplication1.Controllers.TestController (TestIIS).
info: Microsoft.AspNetCore.Mvc.Infrastructure.ObjectResultExecutor[1]
      Executing ObjectResult, writing value of type 'System.String'.
info: Microsoft.AspNetCore.Mvc.Infrastructure.ControllerActionInvoker[105]
      Executed action WebApplication1.Controllers.TestController.Get (TestIIS) in 0.9053ms
info: Microsoft.AspNetCore.Routing.EndpointMiddleware[1]
      Executed endpoint 'WebApplication1.Controllers.TestController.Get (TestIIS)'
info: Microsoft.AspNetCore.Hosting.Diagnostics[2]
      Request finished HTTP/1.1 GET http://localhost:8080/api/test/SayHello?name=%C3%A1dasd222 - 200 - text/plain;+charset=utf-8 1.4707ms
info: Microsoft.AspNetCore.Hosting.Diagnostics[1]
      Request starting HTTP/1.1 GET http://localhost:8080/api/test/SayHello?name=%C3%A1dasd222 - - -
info: Microsoft.AspNetCore.Routing.EndpointMiddleware[0]
      Executing endpoint 'WebApplication1.Controllers.TestController.Get (TestIIS)'
info: Microsoft.AspNetCore.Mvc.Infrastructure.ControllerActionInvoker[102]
      Route matched with {action = "Get", controller = "Test"}. Executing controller action with signature System.String Get(System.String) on controller WebApplication1.Controllers.TestController (TestIIS).
info: Microsoft.AspNetCore.Mvc.Infrastructure.ObjectResultExecutor[1]
      Executing ObjectResult, writing value of type 'System.String'.
info: Microsoft.AspNetCore.Mvc.Infrastructure.ControllerActionInvoker[105]
      Executed action WebApplication1.Controllers.TestController.Get (TestIIS) in 3.9975ms
info: Microsoft.AspNetCore.Routing.EndpointMiddleware[1]
      Executed endpoint 'WebApplication1.Controllers.TestController.Get (TestIIS)'
info: Microsoft.AspNetCore.Hosting.Diagnostics[2]
      Request finished HTTP/1.1 GET http://localhost:8080/api/test/SayHello?name=%C3%A1dasd222 - 200 - text/plain;+charset=utf-8 27.4591ms
info: Microsoft.AspNetCore.Hosting.Diagnostics[1]
      Request starting HTTP/1.1 GET http://localhost:8080/api/test/SayHello?name=%C3%A1dasd222 - - -
info: Microsoft.AspNetCore.Routing.EndpointMiddleware[0]
      Executing endpoint 'WebApplication1.Controllers.TestController.Get (TestIIS)'
info: Microsoft.AspNetCore.Mvc.Infrastructure.ControllerActionInvoker[102]
      Route matched with {action = "Get", controller = "Test"}. Executing controller action with signature System.String Get(System.String) on controller WebApplication1.Controllers.TestController (TestIIS).
info: Microsoft.AspNetCore.Mvc.Infrastructure.ObjectResultExecutor[1]
      Executing ObjectResult, writing value of type 'System.String'.
info: Microsoft.AspNetCore.Mvc.Infrastructure.ControllerActionInvoker[105]
      Executed action WebApplication1.Controllers.TestController.Get (TestIIS) in 3.4728ms
info: Microsoft.AspNetCore.Routing.EndpointMiddleware[1]
      Executed endpoint 'WebApplication1.Controllers.TestController.Get (TestIIS)'
info: Microsoft.AspNetCore.Hosting.Diagnostics[2]
      Request finished HTTP/1.1 GET http://localhost:8080/api/test/SayHello?name=%C3%A1dasd222 - 200 - text/plain;+charset=utf-8 27.6359ms
info: Microsoft.AspNetCore.Hosting.Diagnostics[1]
      Request starting HTTP/1.1 GET http://localhost:8080/api/test/SayHello?name=%C3%A1dasd222 - - -
info: Microsoft.AspNetCore.Routing.EndpointMiddleware[0]
      Executing endpoint 'WebApplication1.Controllers.TestController.Get (TestIIS)'
info: Microsoft.AspNetCore.Mvc.Infrastructure.ControllerActionInvoker[102]
      Route matched with {action = "Get", controller = "Test"}. Executing controller action with signature System.String Get(System.String) on controller WebApplication1.Controllers.TestController (TestIIS).
info: Microsoft.AspNetCore.Mvc.Infrastructure.ObjectResultExecutor[1]
      Executing ObjectResult, writing value of type 'System.String'.
info: Microsoft.AspNetCore.Mvc.Infrastructure.ControllerActionInvoker[105]
      Executed action WebApplication1.Controllers.TestController.Get (TestIIS) in 13.3422ms
info: Microsoft.AspNetCore.Routing.EndpointMiddleware[1]
      Executed endpoint 'WebApplication1.Controllers.TestController.Get (TestIIS)'
info: Microsoft.AspNetCore.Hosting.Diagnostics[2]
      Request finished HTTP/1.1 GET http://localhost:8080/api/test/SayHello?name=%C3%A1dasd222 - 200 - text/plain;+charset=utf-8 33.8778ms
info: Microsoft.AspNetCore.Hosting.Diagnostics[1]
      Request starting HTTP/1.1 GET http://localhost:8080/api/test/SayHello?name=%C3%A1dasd222 - - -
info: Microsoft.AspNetCore.Routing.EndpointMiddleware[0]
      Executing endpoint 'WebApplication1.Controllers.TestController.Get (TestIIS)'
info: Microsoft.AspNetCore.Mvc.Infrastructure.ControllerActionInvoker[102]
      Route matched with {action = "Get", controller = "Test"}. Executing controller action with signature System.String Get(System.String) on controller WebApplication1.Controllers.TestController (TestIIS).
info: Microsoft.AspNetCore.Mvc.Infrastructure.ObjectResultExecutor[1]
      Executing ObjectResult, writing value of type 'System.String'.
info: Microsoft.AspNetCore.Mvc.Infrastructure.ControllerActionInvoker[105]
      Executed action WebApplication1.Controllers.TestController.Get (TestIIS) in 4.9778ms
info: Microsoft.AspNetCore.Routing.EndpointMiddleware[1]
      Executed endpoint 'WebApplication1.Controllers.TestController.Get (TestIIS)'
info: Microsoft.AspNetCore.Hosting.Diagnostics[2]
      Request finished HTTP/1.1 GET http://localhost:8080/api/test/SayHello?name=%C3%A1dasd222 - 200 - text/plain;+charset=utf-8 19.9410ms
info: Microsoft.Hosting.Lifetime[0]
      Application is shutting down...
