info: Microsoft.Hosting.Lifetime[0]
      Application started. Press Ctrl+C to shut down.
info: Microsoft.Hosting.Lifetime[0]
      Hosting environment: Production
info: Microsoft.Hosting.Lifetime[0]
      Content root path: D:\PROJ\TestIIS\WebApplication1\publish
info: Microsoft.AspNetCore.Hosting.Diagnostics[1]
      Request starting HTTP/1.1 GET http://localhost:8080/api/test/SayHello?name=%C3%A1dasd222 - - -
info: Microsoft.AspNetCore.Routing.EndpointMiddleware[0]
      Executing endpoint 'WebApplication1.Controllers.TestController.Get (TestIIS)'
info: Microsoft.AspNetCore.Mvc.Infrastructure.ControllerActionInvoker[102]
      Route matched with {action = "Get", controller = "Test"}. Executing controller action with signature System.String Get(System.String) on controller WebApplication1.Controllers.TestController (TestIIS).
info: Microsoft.AspNetCore.Mvc.Infrastructure.ObjectResultExecutor[1]
      Executing ObjectResult, writing value of type 'System.String'.
info: Microsoft.AspNetCore.Mvc.Infrastructure.ControllerActionInvoker[105]
      Executed action WebApplication1.Controllers.TestController.Get (TestIIS) in 139.5659ms
info: Microsoft.AspNetCore.Routing.EndpointMiddleware[1]
      Executed endpoint 'WebApplication1.Controllers.TestController.Get (TestIIS)'
info: Microsoft.AspNetCore.Hosting.Diagnostics[2]
      Request finished HTTP/1.1 GET http://localhost:8080/api/test/SayHello?name=%C3%A1dasd222 - 200 - text/plain;+charset=utf-8 210.5466ms
info: Microsoft.AspNetCore.Hosting.Diagnostics[1]
      Request starting HTTP/1.1 GET http://localhost:8080/api/test/SayHello?name=%C3%A1dasd222 - - -
info: Microsoft.AspNetCore.Routing.EndpointMiddleware[0]
      Executing endpoint 'WebApplication1.Controllers.TestController.Get (TestIIS)'
info: Microsoft.AspNetCore.Mvc.Infrastructure.ControllerActionInvoker[102]
      Route matched with {action = "Get", controller = "Test"}. Executing controller action with signature System.String Get(System.String) on controller WebApplication1.Controllers.TestController (TestIIS).
info: Microsoft.AspNetCore.Mvc.Infrastructure.ObjectResultExecutor[1]
      Executing ObjectResult, writing value of type 'System.String'.
info: Microsoft.AspNetCore.Mvc.Infrastructure.ControllerActionInvoker[105]
      Executed action WebApplication1.Controllers.TestController.Get (TestIIS) in 3.3504ms
info: Microsoft.AspNetCore.Routing.EndpointMiddleware[1]
      Executed endpoint 'WebApplication1.Controllers.TestController.Get (TestIIS)'
info: Microsoft.AspNetCore.Hosting.Diagnostics[2]
      Request finished HTTP/1.1 GET http://localhost:8080/api/test/SayHello?name=%C3%A1dasd222 - 200 - text/plain;+charset=utf-8 6.0601ms
info: Microsoft.AspNetCore.Hosting.Diagnostics[1]
      Request starting HTTP/1.1 GET http://localhost:8080/api/test/SayHello?name=%C3%A1dasd222 - - -
info: Microsoft.AspNetCore.Routing.EndpointMiddleware[0]
      Executing endpoint 'WebApplication1.Controllers.TestController.Get (TestIIS)'
info: Microsoft.AspNetCore.Mvc.Infrastructure.ControllerActionInvoker[102]
      Route matched with {action = "Get", controller = "Test"}. Executing controller action with signature System.String Get(System.String) on controller WebApplication1.Controllers.TestController (TestIIS).
info: Microsoft.AspNetCore.Mvc.Infrastructure.ObjectResultExecutor[1]
      Executing ObjectResult, writing value of type 'System.String'.
info: Microsoft.AspNetCore.Mvc.Infrastructure.ControllerActionInvoker[105]
      Executed action WebApplication1.Controllers.TestController.Get (TestIIS) in 0.6089ms
info: Microsoft.AspNetCore.Routing.EndpointMiddleware[1]
      Executed endpoint 'WebApplication1.Controllers.TestController.Get (TestIIS)'
info: Microsoft.AspNetCore.Hosting.Diagnostics[2]
      Request finished HTTP/1.1 GET http://localhost:8080/api/test/SayHello?name=%C3%A1dasd222 - 200 - text/plain;+charset=utf-8 2.3675ms
info: Microsoft.AspNetCore.Hosting.Diagnostics[1]
      Request starting HTTP/1.1 GET http://localhost:8080/api/test/SayHello?name=%C3%A1dasd222 - - -
info: Microsoft.AspNetCore.Routing.EndpointMiddleware[0]
      Executing endpoint 'WebApplication1.Controllers.TestController.Get (TestIIS)'
info: Microsoft.AspNetCore.Mvc.Infrastructure.ControllerActionInvoker[102]
      Route matched with {action = "Get", controller = "Test"}. Executing controller action with signature System.String Get(System.String) on controller WebApplication1.Controllers.TestController (TestIIS).
info: Microsoft.AspNetCore.Mvc.Infrastructure.ObjectResultExecutor[1]
      Executing ObjectResult, writing value of type 'System.String'.
info: Microsoft.AspNetCore.Mvc.Infrastructure.ControllerActionInvoker[105]
      Executed action WebApplication1.Controllers.TestController.Get (TestIIS) in 0.4041ms
info: Microsoft.AspNetCore.Routing.EndpointMiddleware[1]
      Executed endpoint 'WebApplication1.Controllers.TestController.Get (TestIIS)'
info: Microsoft.AspNetCore.Hosting.Diagnostics[2]
      Request finished HTTP/1.1 GET http://localhost:8080/api/test/SayHello?name=%C3%A1dasd222 - 200 - text/plain;+charset=utf-8 0.7662ms
info: Microsoft.AspNetCore.Hosting.Diagnostics[1]
      Request starting HTTP/1.1 GET http://localhost:8080/api/test/SayHello?name=%C3%A1dasd222 - - -
info: Microsoft.AspNetCore.Routing.EndpointMiddleware[0]
      Executing endpoint 'WebApplication1.Controllers.TestController.Get (TestIIS)'
info: Microsoft.AspNetCore.Mvc.Infrastructure.ControllerActionInvoker[102]
      Route matched with {action = "Get", controller = "Test"}. Executing controller action with signature System.String Get(System.String) on controller WebApplication1.Controllers.TestController (TestIIS).
info: Microsoft.AspNetCore.Mvc.Infrastructure.ObjectResultExecutor[1]
      Executing ObjectResult, writing value of type 'System.String'.
info: Microsoft.AspNetCore.Mvc.Infrastructure.ControllerActionInvoker[105]
      Executed action WebApplication1.Controllers.TestController.Get (TestIIS) in 0.5456ms
info: Microsoft.AspNetCore.Routing.EndpointMiddleware[1]
      Executed endpoint 'WebApplication1.Controllers.TestController.Get (TestIIS)'
info: Microsoft.AspNetCore.Hosting.Diagnostics[2]
      Request finished HTTP/1.1 GET http://localhost:8080/api/test/SayHello?name=%C3%A1dasd222 - 200 - text/plain;+charset=utf-8 0.9673ms
info: Microsoft.AspNetCore.Hosting.Diagnostics[1]
      Request starting HTTP/1.1 GET http://localhost:8080/api/test/SayHello?name=%C3%A1dasd222 - - -
info: Microsoft.AspNetCore.Routing.EndpointMiddleware[0]
      Executing endpoint 'WebApplication1.Controllers.TestController.Get (TestIIS)'
info: Microsoft.AspNetCore.Mvc.Infrastructure.ControllerActionInvoker[102]
      Route matched with {action = "Get", controller = "Test"}. Executing controller action with signature System.String Get(System.String) on controller WebApplication1.Controllers.TestController (TestIIS).
info: Microsoft.AspNetCore.Mvc.Infrastructure.ObjectResultExecutor[1]
      Executing ObjectResult, writing value of type 'System.String'.
info: Microsoft.AspNetCore.Mvc.Infrastructure.ControllerActionInvoker[105]
      Executed action WebApplication1.Controllers.TestController.Get (TestIIS) in 12295.1417ms
info: Microsoft.AspNetCore.Routing.EndpointMiddleware[1]
      Executed endpoint 'WebApplication1.Controllers.TestController.Get (TestIIS)'
info: Microsoft.AspNetCore.Hosting.Diagnostics[2]
      Request finished HTTP/1.1 GET http://localhost:8080/api/test/SayHello?name=%C3%A1dasd222 - 200 - text/plain;+charset=utf-8 12321.7443ms
info: Microsoft.AspNetCore.Hosting.Diagnostics[1]
      Request starting HTTP/1.1 GET http://localhost:8080/api/test/SayHello?name=%C3%A1dasd222 - - -
info: Microsoft.AspNetCore.Routing.EndpointMiddleware[0]
      Executing endpoint 'WebApplication1.Controllers.TestController.Get (TestIIS)'
info: Microsoft.AspNetCore.Mvc.Infrastructure.ControllerActionInvoker[102]
      Route matched with {action = "Get", controller = "Test"}. Executing controller action with signature System.String Get(System.String) on controller WebApplication1.Controllers.TestController (TestIIS).
info: Microsoft.AspNetCore.Mvc.Infrastructure.ObjectResultExecutor[1]
      Executing ObjectResult, writing value of type 'System.String'.
info: Microsoft.AspNetCore.Mvc.Infrastructure.ControllerActionInvoker[105]
      Executed action WebApplication1.Controllers.TestController.Get (TestIIS) in 1629.2953ms
info: Microsoft.AspNetCore.Routing.EndpointMiddleware[1]
      Executed endpoint 'WebApplication1.Controllers.TestController.Get (TestIIS)'
info: Microsoft.AspNetCore.Hosting.Diagnostics[2]
      Request finished HTTP/1.1 GET http://localhost:8080/api/test/SayHello?name=%C3%A1dasd222 - 200 - text/plain;+charset=utf-8 1641.1005ms
info: Microsoft.Hosting.Lifetime[0]
      Application is shutting down...
