info: Microsoft.Hosting.Lifetime[0]
      Application started. Press Ctrl+C to shut down.
info: Microsoft.Hosting.Lifetime[0]
      Hosting environment: Production
info: Microsoft.Hosting.Lifetime[0]
      Content root path: D:\PROJ\TestIIS\WebApplication1\publish
info: Microsoft.AspNetCore.Hosting.Diagnostics[1]
      Request starting HTTP/1.1 GET http://localhost:8080/api/hello/SayHello?name=%C3%A1dasd - - -
info: Microsoft.AspNetCore.Routing.EndpointMiddleware[0]
      Executing endpoint 'WebApplication1.Controllers.TestController.Get (TestIIS)'
info: Microsoft.AspNetCore.Mvc.Infrastructure.ControllerActionInvoker[102]
      Route matched with {action = "Get", controller = "Test"}. Executing controller action with signature System.String Get(System.String) on controller WebApplication1.Controllers.TestController (TestIIS).
info: Microsoft.AspNetCore.Mvc.Infrastructure.ObjectResultExecutor[1]
      Executing ObjectResult, writing value of type 'System.String'.
info: Microsoft.AspNetCore.Mvc.Infrastructure.ControllerActionInvoker[105]
      Executed action WebApplication1.Controllers.TestController.Get (TestIIS) in 51.6783ms
info: Microsoft.AspNetCore.Routing.EndpointMiddleware[1]
      Executed endpoint 'WebApplication1.Controllers.TestController.Get (TestIIS)'
info: Microsoft.AspNetCore.Hosting.Diagnostics[2]
      Request finished HTTP/1.1 GET http://localhost:8080/api/hello/SayHello?name=%C3%A1dasd - 200 - text/plain;+charset=utf-8 128.4341ms
info: Microsoft.AspNetCore.Hosting.Diagnostics[1]
      Request starting HTTP/1.1 GET http://localhost:8080/favicon.ico - - -
info: Microsoft.AspNetCore.Hosting.Diagnostics[2]
      Request finished HTTP/1.1 GET http://localhost:8080/favicon.ico - 404 - - 2.6548ms
info: Microsoft.AspNetCore.Hosting.Diagnostics[16]
      Request reached the end of the middleware pipeline without being handled by application code. Request path: GET http://localhost:8080/favicon.ico, Response status code: 404
info: Microsoft.AspNetCore.Hosting.Diagnostics[1]
      Request starting HTTP/1.1 GET http://localhost:8080/api/hello/SayHello?name=%C3%A1dasd - - -
info: Microsoft.AspNetCore.Routing.EndpointMiddleware[0]
      Executing endpoint 'WebApplication1.Controllers.TestController.Get (TestIIS)'
info: Microsoft.AspNetCore.Mvc.Infrastructure.ControllerActionInvoker[102]
      Route matched with {action = "Get", controller = "Test"}. Executing controller action with signature System.String Get(System.String) on controller WebApplication1.Controllers.TestController (TestIIS).
info: Microsoft.AspNetCore.Mvc.Infrastructure.ObjectResultExecutor[1]
      Executing ObjectResult, writing value of type 'System.String'.
info: Microsoft.AspNetCore.Mvc.Infrastructure.ControllerActionInvoker[105]
      Executed action WebApplication1.Controllers.TestController.Get (TestIIS) in 1.8234ms
info: Microsoft.AspNetCore.Routing.EndpointMiddleware[1]
      Executed endpoint 'WebApplication1.Controllers.TestController.Get (TestIIS)'
info: Microsoft.AspNetCore.Hosting.Diagnostics[2]
      Request finished HTTP/1.1 GET http://localhost:8080/api/hello/SayHello?name=%C3%A1dasd - 200 - text/plain;+charset=utf-8 7.5634ms
info: Microsoft.AspNetCore.Hosting.Diagnostics[1]
      Request starting HTTP/1.1 GET http://localhost:8080/api/hello/SayHello?name=%C3%A1dasd - - -
info: Microsoft.AspNetCore.Routing.EndpointMiddleware[0]
      Executing endpoint 'WebApplication1.Controllers.TestController.Get (TestIIS)'
info: Microsoft.AspNetCore.Mvc.Infrastructure.ControllerActionInvoker[102]
      Route matched with {action = "Get", controller = "Test"}. Executing controller action with signature System.String Get(System.String) on controller WebApplication1.Controllers.TestController (TestIIS).
info: Microsoft.AspNetCore.Mvc.Infrastructure.ObjectResultExecutor[1]
      Executing ObjectResult, writing value of type 'System.String'.
info: Microsoft.AspNetCore.Mvc.Infrastructure.ControllerActionInvoker[105]
      Executed action WebApplication1.Controllers.TestController.Get (TestIIS) in 2.4663ms
info: Microsoft.AspNetCore.Routing.EndpointMiddleware[1]
      Executed endpoint 'WebApplication1.Controllers.TestController.Get (TestIIS)'
info: Microsoft.AspNetCore.Hosting.Diagnostics[2]
      Request finished HTTP/1.1 GET http://localhost:8080/api/hello/SayHello?name=%C3%A1dasd - 200 - text/plain;+charset=utf-8 24.3720ms
info: Microsoft.Hosting.Lifetime[0]
      Application is shutting down...
